
> @onegenui/viz@0.1.0 build /Users/giulioleone/Sviluppo/genUi/json-render/packages/viz
> tsup

CLI Building entry: src/index.ts
CLI Using tsconfig: tsconfig.json
CLI tsup v8.5.1
CLI Using tsup config: /Users/giulioleone/Sviluppo/genUi/json-render/packages/viz/tsup.config.ts
CLI Target: es2022
CLI Cleaning output folder
CJS Build start
ESM Build start
ESM dist/index.mjs     45.22 KB
ESM dist/index.mjs.map 81.58 KB
ESM ⚡️ Build success in 90ms
CJS dist/index.js     50.34 KB
CJS dist/index.js.map 80.89 KB
CJS ⚡️ Build success in 90ms
DTS Build start
DTS ⚡️ Build success in 1187ms
DTS dist/index.d.ts  12.42 KB
DTS dist/index.d.mts 12.42 KB
